{"/Users/osaidmohammad/4353-Project/backend/routes/clientModule.js": {"path":"/Users/osaidmohammad/4353-Project/backend/routes/clientModule.js","statementMap":{"0":{"start":{"line":1,"column":16},"end":{"line":1,"column":34}},"1":{"start":{"line":2,"column":15},"end":{"line":2,"column":31}},"2":{"start":{"line":3,"column":13},"end":{"line":3,"column":37}},"3":{"start":{"line":6,"column":30},"end":{"line":23,"column":1}},"4":{"start":{"line":7,"column":55},"end":{"line":7,"column":63}},"5":{"start":{"line":8,"column":2},"end":{"line":8,"column":20}},"6":{"start":{"line":9,"column":15},"end":{"line":9,"column":17}},"7":{"start":{"line":11,"column":2},"end":{"line":11,"column":108}},"8":{"start":{"line":11,"column":41},"end":{"line":11,"column":108}},"9":{"start":{"line":12,"column":2},"end":{"line":12,"column":110}},"10":{"start":{"line":12,"column":42},"end":{"line":12,"column":110}},"11":{"start":{"line":13,"column":2},"end":{"line":13,"column":116}},"12":{"start":{"line":13,"column":59},"end":{"line":13,"column":116}},"13":{"start":{"line":14,"column":2},"end":{"line":14,"column":97}},"14":{"start":{"line":14,"column":34},"end":{"line":14,"column":97}},"15":{"start":{"line":15,"column":2},"end":{"line":15,"column":92}},"16":{"start":{"line":15,"column":36},"end":{"line":15,"column":92}},"17":{"start":{"line":16,"column":2},"end":{"line":16,"column":74}},"18":{"start":{"line":16,"column":16},"end":{"line":16,"column":74}},"19":{"start":{"line":18,"column":2},"end":{"line":21,"column":3}},"20":{"start":{"line":19,"column":4},"end":{"line":19,"column":23}},"21":{"start":{"line":20,"column":4},"end":{"line":20,"column":96}},"22":{"start":{"line":22,"column":2},"end":{"line":22,"column":9}},"23":{"start":{"line":26,"column":30},"end":{"line":40,"column":1}},"24":{"start":{"line":27,"column":17},"end":{"line":27,"column":37}},"25":{"start":{"line":28,"column":2},"end":{"line":39,"column":3}},"26":{"start":{"line":29,"column":19},"end":{"line":29,"column":93}},"27":{"start":{"line":30,"column":4},"end":{"line":34,"column":5}},"28":{"start":{"line":31,"column":6},"end":{"line":31,"column":31}},"29":{"start":{"line":33,"column":6},"end":{"line":33,"column":18}},"30":{"start":{"line":36,"column":4},"end":{"line":36,"column":16}},"31":{"start":{"line":38,"column":4},"end":{"line":38,"column":21}},"32":{"start":{"line":43,"column":0},"end":{"line":61,"column":3}},"33":{"start":{"line":44,"column":75},"end":{"line":44,"column":83}},"34":{"start":{"line":45,"column":2},"end":{"line":60,"column":3}},"35":{"start":{"line":46,"column":20},"end":{"line":46,"column":57}},"36":{"start":{"line":47,"column":4},"end":{"line":49,"column":5}},"37":{"start":{"line":48,"column":6},"end":{"line":48,"column":66}},"38":{"start":{"line":51,"column":19},"end":{"line":51,"column":39}},"39":{"start":{"line":52,"column":19},"end":{"line":55,"column":5}},"40":{"start":{"line":56,"column":4},"end":{"line":56,"column":41}},"41":{"start":{"line":58,"column":4},"end":{"line":58,"column":50}},"42":{"start":{"line":59,"column":4},"end":{"line":59,"column":62}},"43":{"start":{"line":64,"column":0},"end":{"line":86,"column":3}},"44":{"start":{"line":65,"column":17},"end":{"line":65,"column":27}},"45":{"start":{"line":66,"column":75},"end":{"line":66,"column":83}},"46":{"start":{"line":67,"column":2},"end":{"line":85,"column":3}},"47":{"start":{"line":68,"column":20},"end":{"line":68,"column":57}},"48":{"start":{"line":69,"column":4},"end":{"line":71,"column":5}},"49":{"start":{"line":70,"column":6},"end":{"line":70,"column":66}},"50":{"start":{"line":73,"column":19},"end":{"line":73,"column":39}},"51":{"start":{"line":74,"column":19},"end":{"line":77,"column":5}},"52":{"start":{"line":78,"column":4},"end":{"line":80,"column":5}},"53":{"start":{"line":79,"column":6},"end":{"line":79,"column":100}},"54":{"start":{"line":81,"column":4},"end":{"line":81,"column":29}},"55":{"start":{"line":83,"column":4},"end":{"line":83,"column":52}},"56":{"start":{"line":84,"column":4},"end":{"line":84,"column":64}},"57":{"start":{"line":89,"column":0},"end":{"line":108,"column":3}},"58":{"start":{"line":90,"column":17},"end":{"line":90,"column":27}},"59":{"start":{"line":91,"column":23},"end":{"line":91,"column":31}},"60":{"start":{"line":92,"column":2},"end":{"line":107,"column":3}},"61":{"start":{"line":93,"column":20},"end":{"line":93,"column":57}},"62":{"start":{"line":94,"column":4},"end":{"line":96,"column":5}},"63":{"start":{"line":95,"column":6},"end":{"line":95,"column":66}},"64":{"start":{"line":98,"column":19},"end":{"line":98,"column":39}},"65":{"start":{"line":99,"column":19},"end":{"line":99,"column":126}},"66":{"start":{"line":100,"column":4},"end":{"line":102,"column":5}},"67":{"start":{"line":101,"column":6},"end":{"line":101,"column":100}},"68":{"start":{"line":103,"column":4},"end":{"line":103,"column":70}},"69":{"start":{"line":105,"column":4},"end":{"line":105,"column":52}},"70":{"start":{"line":106,"column":4},"end":{"line":106,"column":64}},"71":{"start":{"line":110,"column":0},"end":{"line":110,"column":24}}},"fnMap":{"0":{"name":"(anonymous_0)","decl":{"start":{"line":6,"column":30},"end":{"line":6,"column":31}},"loc":{"start":{"line":6,"column":50},"end":{"line":23,"column":1}},"line":6},"1":{"name":"(anonymous_1)","decl":{"start":{"line":26,"column":30},"end":{"line":26,"column":31}},"loc":{"start":{"line":26,"column":50},"end":{"line":40,"column":1}},"line":26},"2":{"name":"(anonymous_2)","decl":{"start":{"line":43,"column":40},"end":{"line":43,"column":41}},"loc":{"start":{"line":43,"column":60},"end":{"line":61,"column":1}},"line":43},"3":{"name":"(anonymous_3)","decl":{"start":{"line":64,"column":42},"end":{"line":64,"column":43}},"loc":{"start":{"line":64,"column":62},"end":{"line":86,"column":1}},"line":64},"4":{"name":"(anonymous_4)","decl":{"start":{"line":89,"column":22},"end":{"line":89,"column":23}},"loc":{"start":{"line":89,"column":42},"end":{"line":108,"column":1}},"line":89}},"branchMap":{"0":{"loc":{"start":{"line":11,"column":2},"end":{"line":11,"column":108}},"type":"if","locations":[{"start":{"line":11,"column":2},"end":{"line":11,"column":108}},{"start":{},"end":{}}],"line":11},"1":{"loc":{"start":{"line":11,"column":6},"end":{"line":11,"column":39}},"type":"binary-expr","locations":[{"start":{"line":11,"column":6},"end":{"line":11,"column":15}},{"start":{"line":11,"column":19},"end":{"line":11,"column":39}}],"line":11},"2":{"loc":{"start":{"line":12,"column":2},"end":{"line":12,"column":110}},"type":"if","locations":[{"start":{"line":12,"column":2},"end":{"line":12,"column":110}},{"start":{},"end":{}}],"line":12},"3":{"loc":{"start":{"line":12,"column":6},"end":{"line":12,"column":40}},"type":"binary-expr","locations":[{"start":{"line":12,"column":6},"end":{"line":12,"column":15}},{"start":{"line":12,"column":19},"end":{"line":12,"column":40}}],"line":12},"4":{"loc":{"start":{"line":13,"column":2},"end":{"line":13,"column":116}},"type":"if","locations":[{"start":{"line":13,"column":2},"end":{"line":13,"column":116}},{"start":{},"end":{}}],"line":13},"5":{"loc":{"start":{"line":13,"column":6},"end":{"line":13,"column":57}},"type":"binary-expr","locations":[{"start":{"line":13,"column":6},"end":{"line":13,"column":23}},{"start":{"line":13,"column":27},"end":{"line":13,"column":57}}],"line":13},"6":{"loc":{"start":{"line":14,"column":2},"end":{"line":14,"column":97}},"type":"if","locations":[{"start":{"line":14,"column":2},"end":{"line":14,"column":97}},{"start":{},"end":{}}],"line":14},"7":{"loc":{"start":{"line":14,"column":6},"end":{"line":14,"column":32}},"type":"binary-expr","locations":[{"start":{"line":14,"column":6},"end":{"line":14,"column":11}},{"start":{"line":14,"column":15},"end":{"line":14,"column":32}}],"line":14},"8":{"loc":{"start":{"line":15,"column":2},"end":{"line":15,"column":92}},"type":"if","locations":[{"start":{"line":15,"column":2},"end":{"line":15,"column":92}},{"start":{},"end":{}}],"line":15},"9":{"loc":{"start":{"line":15,"column":6},"end":{"line":15,"column":34}},"type":"binary-expr","locations":[{"start":{"line":15,"column":6},"end":{"line":15,"column":12}},{"start":{"line":15,"column":16},"end":{"line":15,"column":34}}],"line":15},"10":{"loc":{"start":{"line":16,"column":2},"end":{"line":16,"column":74}},"type":"if","locations":[{"start":{"line":16,"column":2},"end":{"line":16,"column":74}},{"start":{},"end":{}}],"line":16},"11":{"loc":{"start":{"line":18,"column":2},"end":{"line":21,"column":3}},"type":"if","locations":[{"start":{"line":18,"column":2},"end":{"line":21,"column":3}},{"start":{},"end":{}}],"line":18},"12":{"loc":{"start":{"line":30,"column":4},"end":{"line":34,"column":5}},"type":"if","locations":[{"start":{"line":30,"column":4},"end":{"line":34,"column":5}},{"start":{"line":32,"column":11},"end":{"line":34,"column":5}}],"line":30},"13":{"loc":{"start":{"line":47,"column":4},"end":{"line":49,"column":5}},"type":"if","locations":[{"start":{"line":47,"column":4},"end":{"line":49,"column":5}},{"start":{},"end":{}}],"line":47},"14":{"loc":{"start":{"line":69,"column":4},"end":{"line":71,"column":5}},"type":"if","locations":[{"start":{"line":69,"column":4},"end":{"line":71,"column":5}},{"start":{},"end":{}}],"line":69},"15":{"loc":{"start":{"line":78,"column":4},"end":{"line":80,"column":5}},"type":"if","locations":[{"start":{"line":78,"column":4},"end":{"line":80,"column":5}},{"start":{},"end":{}}],"line":78},"16":{"loc":{"start":{"line":94,"column":4},"end":{"line":96,"column":5}},"type":"if","locations":[{"start":{"line":94,"column":4},"end":{"line":96,"column":5}},{"start":{},"end":{}}],"line":94},"17":{"loc":{"start":{"line":100,"column":4},"end":{"line":102,"column":5}},"type":"if","locations":[{"start":{"line":100,"column":4},"end":{"line":102,"column":5}},{"start":{},"end":{}}],"line":100}},"s":{"0":0,"1":0,"2":0,"3":0,"4":0,"5":0,"6":0,"7":0,"8":0,"9":0,"10":0,"11":0,"12":0,"13":0,"14":0,"15":0,"16":0,"17":0,"18":0,"19":0,"20":0,"21":0,"22":0,"23":0,"24":0,"25":0,"26":0,"27":0,"28":0,"29":0,"30":0,"31":0,"32":0,"33":0,"34":0,"35":0,"36":0,"37":0,"38":0,"39":0,"40":0,"41":0,"42":0,"43":0,"44":0,"45":0,"46":0,"47":0,"48":0,"49":0,"50":0,"51":0,"52":0,"53":0,"54":0,"55":0,"56":0,"57":0,"58":0,"59":0,"60":0,"61":0,"62":0,"63":0,"64":0,"65":0,"66":0,"67":0,"68":0,"69":0,"70":0,"71":0},"f":{"0":0,"1":0,"2":0,"3":0,"4":0},"b":{"0":[0,0],"1":[0,0],"2":[0,0],"3":[0,0],"4":[0,0],"5":[0,0],"6":[0,0],"7":[0,0],"8":[0,0],"9":[0,0],"10":[0,0],"11":[0,0],"12":[0,0],"13":[0,0],"14":[0,0],"15":[0,0],"16":[0,0],"17":[0,0]}}
,"/Users/osaidmohammad/4353-Project/backend/routes/fuelQuoteHistoryModule.js": {"path":"/Users/osaidmohammad/4353-Project/backend/routes/fuelQuoteHistoryModule.js","statementMap":{"0":{"start":{"line":1,"column":16},"end":{"line":1,"column":34}},"1":{"start":{"line":2,"column":15},"end":{"line":2,"column":31}},"2":{"start":{"line":3,"column":13},"end":{"line":3,"column":37}},"3":{"start":{"line":5,"column":0},"end":{"line":21,"column":2}},"4":{"start":{"line":6,"column":2},"end":{"line":20,"column":3}},"5":{"start":{"line":7,"column":21},"end":{"line":7,"column":40}},"6":{"start":{"line":8,"column":19},"end":{"line":8,"column":39}},"7":{"start":{"line":9,"column":18},"end":{"line":9,"column":60}},"8":{"start":{"line":10,"column":19},"end":{"line":10,"column":56}},"9":{"start":{"line":11,"column":15},"end":{"line":11,"column":32}},"10":{"start":{"line":14,"column":4},"end":{"line":14,"column":21}},"11":{"start":{"line":16,"column":4},"end":{"line":16,"column":58}},"12":{"start":{"line":18,"column":4},"end":{"line":18,"column":47}},"13":{"start":{"line":19,"column":4},"end":{"line":19,"column":50}},"14":{"start":{"line":23,"column":0},"end":{"line":40,"column":2}},"15":{"start":{"line":24,"column":2},"end":{"line":39,"column":3}},"16":{"start":{"line":25,"column":15},"end":{"line":25,"column":28}},"17":{"start":{"line":26,"column":19},"end":{"line":26,"column":39}},"18":{"start":{"line":27,"column":18},"end":{"line":27,"column":70}},"19":{"start":{"line":28,"column":19},"end":{"line":28,"column":50}},"20":{"start":{"line":31,"column":18},"end":{"line":31,"column":38}},"21":{"start":{"line":33,"column":4},"end":{"line":33,"column":21}},"22":{"start":{"line":35,"column":4},"end":{"line":35,"column":55}},"23":{"start":{"line":37,"column":4},"end":{"line":37,"column":70}},"24":{"start":{"line":38,"column":4},"end":{"line":38,"column":50}},"25":{"start":{"line":42,"column":0},"end":{"line":58,"column":2}},"26":{"start":{"line":43,"column":2},"end":{"line":57,"column":3}},"27":{"start":{"line":44,"column":15},"end":{"line":44,"column":28}},"28":{"start":{"line":45,"column":19},"end":{"line":45,"column":39}},"29":{"start":{"line":46,"column":18},"end":{"line":46,"column":63}},"30":{"start":{"line":47,"column":19},"end":{"line":47,"column":50}},"31":{"start":{"line":48,"column":33},"end":{"line":48,"column":44}},"32":{"start":{"line":51,"column":4},"end":{"line":51,"column":21}},"33":{"start":{"line":53,"column":4},"end":{"line":53,"column":87}},"34":{"start":{"line":55,"column":4},"end":{"line":55,"column":63}},"35":{"start":{"line":56,"column":4},"end":{"line":56,"column":50}},"36":{"start":{"line":60,"column":0},"end":{"line":60,"column":23}}},"fnMap":{"0":{"name":"(anonymous_0)","decl":{"start":{"line":5,"column":31},"end":{"line":5,"column":32}},"loc":{"start":{"line":5,"column":51},"end":{"line":21,"column":1}},"line":5},"1":{"name":"(anonymous_1)","decl":{"start":{"line":23,"column":33},"end":{"line":23,"column":34}},"loc":{"start":{"line":23,"column":53},"end":{"line":40,"column":1}},"line":23},"2":{"name":"(anonymous_2)","decl":{"start":{"line":42,"column":19},"end":{"line":42,"column":20}},"loc":{"start":{"line":42,"column":39},"end":{"line":58,"column":1}},"line":42}},"branchMap":{},"s":{"0":0,"1":0,"2":0,"3":0,"4":0,"5":0,"6":0,"7":0,"8":0,"9":0,"10":0,"11":0,"12":0,"13":0,"14":0,"15":0,"16":0,"17":0,"18":0,"19":0,"20":0,"21":0,"22":0,"23":0,"24":0,"25":0,"26":0,"27":0,"28":0,"29":0,"30":0,"31":0,"32":0,"33":0,"34":0,"35":0,"36":0},"f":{"0":0,"1":0,"2":0},"b":{}}
,"/Users/osaidmohammad/4353-Project/backend/routes/fuelQuoteModule.js": {"path":"/Users/osaidmohammad/4353-Project/backend/routes/fuelQuoteModule.js","statementMap":{"0":{"start":{"line":1,"column":16},"end":{"line":1,"column":34}},"1":{"start":{"line":2,"column":15},"end":{"line":2,"column":31}},"2":{"start":{"line":5,"column":11},"end":{"line":5,"column":35}},"3":{"start":{"line":8,"column":0},"end":{"line":24,"column":2}},"4":{"start":{"line":9,"column":4},"end":{"line":23,"column":5}},"5":{"start":{"line":10,"column":23},"end":{"line":10,"column":41}},"6":{"start":{"line":11,"column":25},"end":{"line":11,"column":44}},"7":{"start":{"line":12,"column":20},"end":{"line":12,"column":94}},"8":{"start":{"line":13,"column":8},"end":{"line":13,"column":41}},"9":{"start":{"line":14,"column":19},"end":{"line":14,"column":33}},"10":{"start":{"line":15,"column":8},"end":{"line":15,"column":23}},"11":{"start":{"line":16,"column":18},"end":{"line":16,"column":89}},"12":{"start":{"line":19,"column":8},"end":{"line":19,"column":56}},"13":{"start":{"line":21,"column":8},"end":{"line":21,"column":53}},"14":{"start":{"line":22,"column":8},"end":{"line":22,"column":66}},"15":{"start":{"line":30,"column":0},"end":{"line":67,"column":3}},"16":{"start":{"line":31,"column":19},"end":{"line":31,"column":37}},"17":{"start":{"line":32,"column":65},"end":{"line":32,"column":73}},"18":{"start":{"line":33,"column":4},"end":{"line":33,"column":25}},"19":{"start":{"line":35,"column":4},"end":{"line":37,"column":5}},"20":{"start":{"line":36,"column":8},"end":{"line":36,"column":92}},"21":{"start":{"line":39,"column":4},"end":{"line":41,"column":5}},"22":{"start":{"line":40,"column":8},"end":{"line":40,"column":76}},"23":{"start":{"line":43,"column":4},"end":{"line":66,"column":5}},"24":{"start":{"line":44,"column":18},"end":{"line":44,"column":92}},"25":{"start":{"line":45,"column":8},"end":{"line":45,"column":39}},"26":{"start":{"line":46,"column":19},"end":{"line":46,"column":31}},"27":{"start":{"line":47,"column":8},"end":{"line":47,"column":23}},"28":{"start":{"line":52,"column":27},"end":{"line":52,"column":29}},"29":{"start":{"line":53,"column":20},"end":{"line":53,"column":21}},"30":{"start":{"line":55,"column":26},"end":{"line":55,"column":256}},"31":{"start":{"line":62,"column":8},"end":{"line":62,"column":75}},"32":{"start":{"line":64,"column":8},"end":{"line":64,"column":57}},"33":{"start":{"line":65,"column":8},"end":{"line":65,"column":49}},"34":{"start":{"line":69,"column":0},"end":{"line":69,"column":24}}},"fnMap":{"0":{"name":"(anonymous_0)","decl":{"start":{"line":8,"column":25},"end":{"line":8,"column":26}},"loc":{"start":{"line":8,"column":45},"end":{"line":24,"column":1}},"line":8},"1":{"name":"(anonymous_1)","decl":{"start":{"line":30,"column":17},"end":{"line":30,"column":18}},"loc":{"start":{"line":30,"column":37},"end":{"line":67,"column":1}},"line":30}},"branchMap":{"0":{"loc":{"start":{"line":35,"column":4},"end":{"line":37,"column":5}},"type":"if","locations":[{"start":{"line":35,"column":4},"end":{"line":37,"column":5}},{"start":{},"end":{}}],"line":35},"1":{"loc":{"start":{"line":35,"column":8},"end":{"line":35,"column":34}},"type":"binary-expr","locations":[{"start":{"line":35,"column":8},"end":{"line":35,"column":16}},{"start":{"line":35,"column":20},"end":{"line":35,"column":34}}],"line":35},"2":{"loc":{"start":{"line":39,"column":4},"end":{"line":41,"column":5}},"type":"if","locations":[{"start":{"line":39,"column":4},"end":{"line":41,"column":5}},{"start":{},"end":{}}],"line":39}},"s":{"0":0,"1":0,"2":0,"3":0,"4":0,"5":0,"6":0,"7":0,"8":0,"9":0,"10":0,"11":0,"12":0,"13":0,"14":0,"15":0,"16":0,"17":0,"18":0,"19":0,"20":0,"21":0,"22":0,"23":0,"24":0,"25":0,"26":0,"27":0,"28":0,"29":0,"30":0,"31":0,"32":0,"33":0,"34":0},"f":{"0":0,"1":0},"b":{"0":[0,0],"1":[0,0],"2":[0,0]}}
,"/Users/osaidmohammad/4353-Project/backend/routes/login.js": {"path":"/Users/osaidmohammad/4353-Project/backend/routes/login.js","statementMap":{"0":{"start":{"line":1,"column":16},"end":{"line":1,"column":34}},"1":{"start":{"line":2,"column":15},"end":{"line":2,"column":32}},"2":{"start":{"line":3,"column":12},"end":{"line":3,"column":35}},"3":{"start":{"line":4,"column":15},"end":{"line":4,"column":31}},"4":{"start":{"line":5,"column":13},"end":{"line":5,"column":37}},"5":{"start":{"line":8,"column":18},"end":{"line":8,"column":20}},"6":{"start":{"line":9,"column":18},"end":{"line":9,"column":20}},"7":{"start":{"line":13,"column":0},"end":{"line":37,"column":3}},"8":{"start":{"line":15,"column":35},"end":{"line":15,"column":43}},"9":{"start":{"line":16,"column":19},"end":{"line":16,"column":39}},"10":{"start":{"line":18,"column":4},"end":{"line":20,"column":5}},"11":{"start":{"line":19,"column":8},"end":{"line":19,"column":76}},"12":{"start":{"line":21,"column":23},"end":{"line":21,"column":103}},"13":{"start":{"line":22,"column":4},"end":{"line":24,"column":5}},"14":{"start":{"line":23,"column":8},"end":{"line":23,"column":70}},"15":{"start":{"line":26,"column":17},"end":{"line":26,"column":97}},"16":{"start":{"line":27,"column":23},"end":{"line":27,"column":45}},"17":{"start":{"line":28,"column":18},"end":{"line":28,"column":60}},"18":{"start":{"line":29,"column":4},"end":{"line":31,"column":5}},"19":{"start":{"line":30,"column":8},"end":{"line":30,"column":65}},"20":{"start":{"line":32,"column":16},"end":{"line":32,"column":90}},"21":{"start":{"line":33,"column":15},"end":{"line":33,"column":30}},"22":{"start":{"line":34,"column":18},"end":{"line":34,"column":71}},"23":{"start":{"line":35,"column":4},"end":{"line":35,"column":43}},"24":{"start":{"line":39,"column":0},"end":{"line":71,"column":3}},"25":{"start":{"line":40,"column":35},"end":{"line":40,"column":43}},"26":{"start":{"line":41,"column":4},"end":{"line":43,"column":5}},"27":{"start":{"line":42,"column":8},"end":{"line":42,"column":76}},"28":{"start":{"line":44,"column":19},"end":{"line":44,"column":39}},"29":{"start":{"line":45,"column":23},"end":{"line":45,"column":103}},"30":{"start":{"line":50,"column":17},"end":{"line":50,"column":41}},"31":{"start":{"line":51,"column":17},"end":{"line":51,"column":50}},"32":{"start":{"line":52,"column":4},"end":{"line":64,"column":5}},"33":{"start":{"line":53,"column":8},"end":{"line":53,"column":114}},"34":{"start":{"line":54,"column":20},"end":{"line":54,"column":94}},"35":{"start":{"line":55,"column":19},"end":{"line":55,"column":34}},"36":{"start":{"line":56,"column":22},"end":{"line":56,"column":91}},"37":{"start":{"line":57,"column":8},"end":{"line":57,"column":29}},"38":{"start":{"line":58,"column":8},"end":{"line":58,"column":47}},"39":{"start":{"line":60,"column":8},"end":{"line":60,"column":54}},"40":{"start":{"line":61,"column":8},"end":{"line":61,"column":54}},"41":{"start":{"line":63,"column":8},"end":{"line":63,"column":24}},"42":{"start":{"line":73,"column":0},"end":{"line":73,"column":24}}},"fnMap":{"0":{"name":"(anonymous_0)","decl":{"start":{"line":13,"column":22},"end":{"line":13,"column":23}},"loc":{"start":{"line":13,"column":42},"end":{"line":37,"column":1}},"line":13},"1":{"name":"(anonymous_1)","decl":{"start":{"line":39,"column":17},"end":{"line":39,"column":18}},"loc":{"start":{"line":39,"column":37},"end":{"line":71,"column":1}},"line":39}},"branchMap":{"0":{"loc":{"start":{"line":18,"column":4},"end":{"line":20,"column":5}},"type":"if","locations":[{"start":{"line":18,"column":4},"end":{"line":20,"column":5}},{"start":{},"end":{}}],"line":18},"1":{"loc":{"start":{"line":18,"column":8},"end":{"line":18,"column":30}},"type":"binary-expr","locations":[{"start":{"line":18,"column":8},"end":{"line":18,"column":17}},{"start":{"line":18,"column":21},"end":{"line":18,"column":30}}],"line":18},"2":{"loc":{"start":{"line":22,"column":4},"end":{"line":24,"column":5}},"type":"if","locations":[{"start":{"line":22,"column":4},"end":{"line":24,"column":5}},{"start":{},"end":{}}],"line":22},"3":{"loc":{"start":{"line":29,"column":4},"end":{"line":31,"column":5}},"type":"if","locations":[{"start":{"line":29,"column":4},"end":{"line":31,"column":5}},{"start":{},"end":{}}],"line":29},"4":{"loc":{"start":{"line":41,"column":4},"end":{"line":43,"column":5}},"type":"if","locations":[{"start":{"line":41,"column":4},"end":{"line":43,"column":5}},{"start":{},"end":{}}],"line":41},"5":{"loc":{"start":{"line":41,"column":8},"end":{"line":41,"column":30}},"type":"binary-expr","locations":[{"start":{"line":41,"column":8},"end":{"line":41,"column":17}},{"start":{"line":41,"column":21},"end":{"line":41,"column":30}}],"line":41}},"s":{"0":1,"1":1,"2":1,"3":1,"4":1,"5":1,"6":1,"7":1,"8":4,"9":4,"10":4,"11":1,"12":3,"13":3,"14":1,"15":2,"16":2,"17":2,"18":2,"19":2,"20":0,"21":0,"22":0,"23":0,"24":1,"25":3,"26":3,"27":1,"28":2,"29":2,"30":2,"31":2,"32":2,"33":2,"34":2,"35":2,"36":2,"37":2,"38":2,"39":0,"40":0,"41":2,"42":1},"f":{"0":4,"1":3},"b":{"0":[1,3],"1":[4,3],"2":[1,2],"3":[2,0],"4":[1,2],"5":[3,2]},"_coverageSchema":"1a1c01bbd47fc00a2c39e90264f33305004495a9","hash":"47dea3544cbe5e10bbb477a67b64478a37126366"}
}
