{"/Users/suhaibirfan/Downloads/4353-Project-1/backend/server.js": {"path":"/Users/suhaibirfan/Downloads/4353-Project-1/backend/server.js","statementMap":{"0":{"start":{"line":1,"column":0},"end":{"line":1,"column":26}},"1":{"start":{"line":3,"column":13},"end":{"line":3,"column":28}},"2":{"start":{"line":4,"column":16},"end":{"line":4,"column":34}},"3":{"start":{"line":5,"column":12},"end":{"line":5,"column":21}},"4":{"start":{"line":6,"column":0},"end":{"line":6,"column":15}},"5":{"start":{"line":7,"column":0},"end":{"line":7,"column":23}},"6":{"start":{"line":9,"column":20},"end":{"line":9,"column":45}},"7":{"start":{"line":10,"column":27},"end":{"line":10,"column":59}},"8":{"start":{"line":11,"column":22},"end":{"line":11,"column":55}},"9":{"start":{"line":12,"column":19},"end":{"line":12,"column":54}},"10":{"start":{"line":14,"column":0},"end":{"line":16,"column":2}},"11":{"start":{"line":15,"column":4},"end":{"line":15,"column":18}},"12":{"start":{"line":18,"column":0},"end":{"line":18,"column":34}},"13":{"start":{"line":19,"column":0},"end":{"line":19,"column":48}},"14":{"start":{"line":20,"column":0},"end":{"line":20,"column":38}},"15":{"start":{"line":21,"column":0},"end":{"line":21,"column":43}},"16":{"start":{"line":23,"column":0},"end":{"line":25,"column":2}},"17":{"start":{"line":24,"column":4},"end":{"line":24,"column":41}}},"fnMap":{"0":{"name":"(anonymous_0)","decl":{"start":{"line":14,"column":13},"end":{"line":14,"column":14}},"loc":{"start":{"line":14,"column":27},"end":{"line":16,"column":1}},"line":14},"1":{"name":"(anonymous_1)","decl":{"start":{"line":23,"column":29},"end":{"line":23,"column":30}},"loc":{"start":{"line":23,"column":35},"end":{"line":25,"column":1}},"line":23}},"branchMap":{},"s":{"0":0,"1":0,"2":0,"3":0,"4":0,"5":0,"6":0,"7":0,"8":0,"9":0,"10":0,"11":0,"12":0,"13":0,"14":0,"15":0,"16":0,"17":0},"f":{"0":0,"1":0},"b":{}}
,"/Users/suhaibirfan/Downloads/4353-Project-1/backend/routes/clientModule.js": {"path":"/Users/suhaibirfan/Downloads/4353-Project-1/backend/routes/clientModule.js","statementMap":{"0":{"start":{"line":1,"column":16},"end":{"line":1,"column":34}},"1":{"start":{"line":2,"column":15},"end":{"line":2,"column":31}},"2":{"start":{"line":4,"column":0},"end":{"line":6,"column":2}},"3":{"start":{"line":5,"column":4},"end":{"line":5,"column":32}},"4":{"start":{"line":8,"column":0},"end":{"line":8,"column":23}}},"fnMap":{"0":{"name":"(anonymous_0)","decl":{"start":{"line":4,"column":16},"end":{"line":4,"column":17}},"loc":{"start":{"line":4,"column":30},"end":{"line":6,"column":1}},"line":4}},"branchMap":{},"s":{"0":0,"1":0,"2":0,"3":0,"4":0},"f":{"0":0},"b":{}}
,"/Users/suhaibirfan/Downloads/4353-Project-1/backend/routes/fuelQuoteModule.js": {"path":"/Users/suhaibirfan/Downloads/4353-Project-1/backend/routes/fuelQuoteModule.js","statementMap":{"0":{"start":{"line":1,"column":16},"end":{"line":1,"column":34}},"1":{"start":{"line":2,"column":15},"end":{"line":2,"column":31}},"2":{"start":{"line":5,"column":19},"end":{"line":5,"column":21}},"3":{"start":{"line":7,"column":0},"end":{"line":36,"column":3}},"4":{"start":{"line":8,"column":38},"end":{"line":8,"column":46}},"5":{"start":{"line":11,"column":4},"end":{"line":13,"column":5}},"6":{"start":{"line":12,"column":8},"end":{"line":12,"column":92}},"7":{"start":{"line":15,"column":4},"end":{"line":17,"column":5}},"8":{"start":{"line":16,"column":8},"end":{"line":16,"column":76}},"9":{"start":{"line":20,"column":23},"end":{"line":20,"column":49}},"10":{"start":{"line":23,"column":22},"end":{"line":27,"column":5}},"11":{"start":{"line":29,"column":4},"end":{"line":29,"column":25}},"12":{"start":{"line":32,"column":4},"end":{"line":32,"column":31}},"13":{"start":{"line":35,"column":4},"end":{"line":35,"column":82}},"14":{"start":{"line":38,"column":0},"end":{"line":38,"column":24}}},"fnMap":{"0":{"name":"(anonymous_0)","decl":{"start":{"line":7,"column":17},"end":{"line":7,"column":18}},"loc":{"start":{"line":7,"column":31},"end":{"line":36,"column":1}},"line":7}},"branchMap":{"0":{"loc":{"start":{"line":11,"column":4},"end":{"line":13,"column":5}},"type":"if","locations":[{"start":{"line":11,"column":4},"end":{"line":13,"column":5}},{"start":{},"end":{}}],"line":11},"1":{"loc":{"start":{"line":11,"column":8},"end":{"line":11,"column":34}},"type":"binary-expr","locations":[{"start":{"line":11,"column":8},"end":{"line":11,"column":16}},{"start":{"line":11,"column":20},"end":{"line":11,"column":34}}],"line":11},"2":{"loc":{"start":{"line":15,"column":4},"end":{"line":17,"column":5}},"type":"if","locations":[{"start":{"line":15,"column":4},"end":{"line":17,"column":5}},{"start":{},"end":{}}],"line":15}},"s":{"0":1,"1":1,"2":1,"3":1,"4":3,"5":3,"6":1,"7":2,"8":1,"9":1,"10":1,"11":1,"12":1,"13":1,"14":1},"f":{"0":3},"b":{"0":[1,2],"1":[3,3],"2":[1,1]},"_coverageSchema":"1a1c01bbd47fc00a2c39e90264f33305004495a9","hash":"6b097769b798942ba9549946616086cb0c341760"}
,"/Users/suhaibirfan/Downloads/4353-Project-1/backend/routes/login.js": {"path":"/Users/suhaibirfan/Downloads/4353-Project-1/backend/routes/login.js","statementMap":{"0":{"start":{"line":1,"column":16},"end":{"line":1,"column":34}},"1":{"start":{"line":2,"column":15},"end":{"line":2,"column":32}},"2":{"start":{"line":3,"column":12},"end":{"line":3,"column":35}},"3":{"start":{"line":5,"column":15},"end":{"line":5,"column":31}},"4":{"start":{"line":7,"column":18},"end":{"line":7,"column":20}},"5":{"start":{"line":8,"column":18},"end":{"line":8,"column":20}},"6":{"start":{"line":10,"column":0},"end":{"line":24,"column":3}},"7":{"start":{"line":11,"column":35},"end":{"line":11,"column":43}},"8":{"start":{"line":13,"column":4},"end":{"line":15,"column":5}},"9":{"start":{"line":14,"column":8},"end":{"line":14,"column":76}},"10":{"start":{"line":16,"column":4},"end":{"line":18,"column":5}},"11":{"start":{"line":17,"column":8},"end":{"line":17,"column":74}},"12":{"start":{"line":19,"column":4},"end":{"line":21,"column":5}},"13":{"start":{"line":20,"column":8},"end":{"line":20,"column":74}},"14":{"start":{"line":22,"column":4},"end":{"line":22,"column":55}},"15":{"start":{"line":23,"column":4},"end":{"line":23,"column":51}},"16":{"start":{"line":26,"column":0},"end":{"line":42,"column":3}},"17":{"start":{"line":27,"column":35},"end":{"line":27,"column":43}},"18":{"start":{"line":29,"column":4},"end":{"line":31,"column":5}},"19":{"start":{"line":30,"column":8},"end":{"line":30,"column":76}},"20":{"start":{"line":33,"column":17},"end":{"line":33,"column":41}},"21":{"start":{"line":34,"column":17},"end":{"line":34,"column":50}},"22":{"start":{"line":36,"column":4},"end":{"line":36,"column":29}},"23":{"start":{"line":37,"column":4},"end":{"line":37,"column":25}},"24":{"start":{"line":39,"column":4},"end":{"line":39,"column":27}},"25":{"start":{"line":41,"column":4},"end":{"line":41,"column":76}},"26":{"start":{"line":44,"column":0},"end":{"line":44,"column":24}}},"fnMap":{"0":{"name":"(anonymous_0)","decl":{"start":{"line":10,"column":22},"end":{"line":10,"column":23}},"loc":{"start":{"line":10,"column":36},"end":{"line":24,"column":1}},"line":10},"1":{"name":"(anonymous_1)","decl":{"start":{"line":26,"column":17},"end":{"line":26,"column":18}},"loc":{"start":{"line":26,"column":37},"end":{"line":42,"column":1}},"line":26}},"branchMap":{"0":{"loc":{"start":{"line":13,"column":4},"end":{"line":15,"column":5}},"type":"if","locations":[{"start":{"line":13,"column":4},"end":{"line":15,"column":5}},{"start":{},"end":{}}],"line":13},"1":{"loc":{"start":{"line":13,"column":8},"end":{"line":13,"column":30}},"type":"binary-expr","locations":[{"start":{"line":13,"column":8},"end":{"line":13,"column":17}},{"start":{"line":13,"column":21},"end":{"line":13,"column":30}}],"line":13},"2":{"loc":{"start":{"line":16,"column":4},"end":{"line":18,"column":5}},"type":"if","locations":[{"start":{"line":16,"column":4},"end":{"line":18,"column":5}},{"start":{},"end":{}}],"line":16},"3":{"loc":{"start":{"line":19,"column":4},"end":{"line":21,"column":5}},"type":"if","locations":[{"start":{"line":19,"column":4},"end":{"line":21,"column":5}},{"start":{},"end":{}}],"line":19},"4":{"loc":{"start":{"line":29,"column":4},"end":{"line":31,"column":5}},"type":"if","locations":[{"start":{"line":29,"column":4},"end":{"line":31,"column":5}},{"start":{},"end":{}}],"line":29},"5":{"loc":{"start":{"line":29,"column":8},"end":{"line":29,"column":30}},"type":"binary-expr","locations":[{"start":{"line":29,"column":8},"end":{"line":29,"column":17}},{"start":{"line":29,"column":21},"end":{"line":29,"column":30}}],"line":29}},"s":{"0":1,"1":1,"2":1,"3":1,"4":1,"5":1,"6":1,"7":0,"8":0,"9":0,"10":0,"11":0,"12":0,"13":0,"14":0,"15":0,"16":1,"17":0,"18":0,"19":0,"20":0,"21":0,"22":0,"23":0,"24":0,"25":0,"26":1},"f":{"0":0,"1":0},"b":{"0":[0,0],"1":[0,0],"2":[0,0],"3":[0,0],"4":[0,0],"5":[0,0]},"_coverageSchema":"1a1c01bbd47fc00a2c39e90264f33305004495a9","hash":"58cc3325cf5493f94d77651ef80024ac945f4bc1"}
,"/Users/suhaibirfan/Downloads/4353-Project-1/backend/routes/pricingModule.js": {"path":"/Users/suhaibirfan/Downloads/4353-Project-1/backend/routes/pricingModule.js","statementMap":{"0":{"start":{"line":1,"column":16},"end":{"line":1,"column":34}},"1":{"start":{"line":2,"column":15},"end":{"line":2,"column":31}},"2":{"start":{"line":4,"column":0},"end":{"line":6,"column":2}},"3":{"start":{"line":5,"column":4},"end":{"line":5,"column":29}},"4":{"start":{"line":8,"column":0},"end":{"line":8,"column":23}}},"fnMap":{"0":{"name":"(anonymous_0)","decl":{"start":{"line":4,"column":16},"end":{"line":4,"column":17}},"loc":{"start":{"line":4,"column":30},"end":{"line":6,"column":1}},"line":4}},"branchMap":{},"s":{"0":0,"1":0,"2":0,"3":0,"4":0},"f":{"0":0},"b":{}}
}
