TN:
SF:routes\clientModule.js
FN:9,(anonymous_0)
FN:27,(anonymous_1)
FN:32,(anonymous_2)
FN:39,(anonymous_3)
FN:41,(anonymous_4)
FN:53,(anonymous_5)
FN:55,(anonymous_6)
FN:61,(anonymous_7)
FNF:8
FNH:8
FNDA:8,(anonymous_0)
FNDA:1,(anonymous_1)
FNDA:1,(anonymous_2)
FNDA:2,(anonymous_3)
FNDA:2,(anonymous_4)
FNDA:2,(anonymous_5)
FNDA:1,(anonymous_6)
FNDA:1,(anonymous_7)
DA:1,1
DA:2,1
DA:5,1
DA:6,1
DA:9,1
DA:10,8
DA:11,8
DA:13,8
DA:14,8
DA:15,8
DA:16,8
DA:17,8
DA:18,8
DA:20,8
DA:21,5
DA:23,3
DA:27,1
DA:28,1
DA:32,1
DA:33,1
DA:34,1
DA:35,1
DA:39,1
DA:40,2
DA:41,2
DA:43,2
DA:44,1
DA:48,1
DA:49,1
DA:53,1
DA:54,2
DA:55,2
DA:57,2
DA:58,1
DA:61,1
DA:62,1
DA:65,1
LF:37
LH:37
BRDA:13,0,0,2
BRDA:13,0,1,6
BRDA:13,1,0,8
BRDA:13,1,1,6
BRDA:14,2,0,1
BRDA:14,2,1,7
BRDA:14,3,0,8
BRDA:14,3,1,7
BRDA:15,4,0,1
BRDA:15,4,1,7
BRDA:15,5,0,8
BRDA:15,5,1,1
BRDA:16,6,0,1
BRDA:16,6,1,7
BRDA:16,7,0,8
BRDA:16,7,1,7
BRDA:17,8,0,1
BRDA:17,8,1,7
BRDA:17,9,0,8
BRDA:17,9,1,8
BRDA:18,10,0,1
BRDA:18,10,1,7
BRDA:18,11,0,8
BRDA:18,11,1,8
BRDA:20,12,0,5
BRDA:20,12,1,3
BRDA:43,13,0,1
BRDA:43,13,1,1
BRDA:57,14,0,1
BRDA:57,14,1,1
BRF:30
BRH:30
end_of_record
TN:
SF:routes\fuelQuoteHistoryModule.js
FN:5,(anonymous_0)
FN:23,(anonymous_1)
FN:42,(anonymous_2)
FNF:3
FNH:3
FNDA:2,(anonymous_0)
FNDA:2,(anonymous_1)
FNDA:2,(anonymous_2)
DA:1,1
DA:2,1
DA:3,1
DA:5,1
DA:6,2
DA:7,2
DA:8,2
DA:9,1
DA:10,1
DA:11,1
DA:14,1
DA:16,1
DA:18,1
DA:19,1
DA:23,1
DA:24,2
DA:25,2
DA:26,2
DA:27,1
DA:28,1
DA:31,1
DA:33,1
DA:35,1
DA:37,1
DA:38,1
DA:42,1
DA:43,2
DA:44,2
DA:45,2
DA:46,1
DA:47,1
DA:48,1
DA:51,1
DA:53,1
DA:55,1
DA:56,1
DA:60,1
LF:37
LH:37
BRF:0
BRH:0
end_of_record
TN:
SF:routes\fuelQuoteModule.js
FN:8,(anonymous_0)
FNF:1
FNH:1
FNDA:3,(anonymous_0)
DA:1,1
DA:2,1
DA:3,1
DA:4,1
DA:6,1
DA:8,1
DA:9,3
DA:11,3
DA:12,1
DA:15,2
DA:16,1
DA:20,1
DA:21,1
DA:23,1
DA:30,1
DA:32,1
DA:34,1
DA:37,1
LF:18
LH:18
BRDA:11,0,0,1
BRDA:11,0,1,2
BRDA:11,1,0,3
BRDA:11,1,1,3
BRDA:15,2,0,1
BRDA:15,2,1,1
BRF:6
BRH:6
end_of_record
TN:
SF:routes\login.js
FN:13,(anonymous_0)
FNF:1
FNH:0
FNDA:0,(anonymous_0)
DA:1,0
DA:3,0
DA:4,0
DA:5,0
DA:8,0
DA:9,0
DA:13,0
DA:15,0
DA:17,0
DA:18,0
DA:20,0
DA:21,0
DA:23,0
DA:24,0
DA:27,0
DA:65,0
LF:16
LH:0
BRDA:17,0,0,0
BRDA:17,0,1,0
BRDA:17,1,0,0
BRDA:17,1,1,0
BRDA:20,2,0,0
BRDA:20,2,1,0
BRDA:23,3,0,0
BRDA:23,3,1,0
BRF:8
BRH:0
end_of_record
